<?xml version="1.0" encoding="UTF-8"?>
<!-- Generated by org.testng.reporters.JUnitXMLReporter -->
<testsuite hostname="WKWIN9370960" ignored="0" name="Default test" tests="62" failures="2" timestamp="18 Apr 2020 13:37:37 GMT" time="211.149" errors="0">
  <testcase name="checkRedirect" time="13.027" classname="com.orangetheory.testcases.RedirectCheck"/>
  <testcase name="checkRedirect" time="4.187" classname="com.orangetheory.testcases.RedirectCheck"/>
  <testcase name="checkRedirect" time="4.44" classname="com.orangetheory.testcases.RedirectCheck"/>
  <testcase name="checkRedirect" time="5.486" classname="com.orangetheory.testcases.RedirectCheck">
    <failure type="java.lang.AssertionError" message="expected [https://www.orangetheory.com/en-au/] but found [https://www.orangetheoryfitness.com/]">
      <![CDATA[java.lang.AssertionError: expected [https://www.orangetheory.com/en-au/] but found [https://www.orangetheoryfitness.com/]
at org.testng.Assert.fail(Assert.java:96)
at org.testng.Assert.failNotEquals(Assert.java:776)
at org.testng.Assert.assertEqualsImpl(Assert.java:137)
at org.testng.Assert.assertEquals(Assert.java:118)
at org.testng.Assert.assertEquals(Assert.java:453)
at org.testng.Assert.assertEquals(Assert.java:463)
at com.orangetheory.testcases.RedirectCheck.checkRedirect(RedirectCheck.java:24)
at sun.reflect.NativeMethodAccessorImpl.invoke0(Native Method)
at sun.reflect.NativeMethodAccessorImpl.invoke(NativeMethodAccessorImpl.java:62)
at sun.reflect.DelegatingMethodAccessorImpl.invoke(DelegatingMethodAccessorImpl.java:43)
at java.lang.reflect.Method.invoke(Method.java:498)
at org.testng.internal.MethodInvocationHelper.invokeMethod(MethodInvocationHelper.java:124)
at org.testng.internal.Invoker.invokeMethod(Invoker.java:583)
at org.testng.internal.Invoker.invokeTestMethod(Invoker.java:719)
at org.testng.internal.Invoker.invokeTestMethods(Invoker.java:989)
at org.testng.internal.TestMethodWorker.invokeTestMethods(TestMethodWorker.java:125)
at org.testng.internal.TestMethodWorker.run(TestMethodWorker.java:109)
at org.testng.TestRunner.privateRun(TestRunner.java:648)
at org.testng.TestRunner.run(TestRunner.java:505)
at org.testng.SuiteRunner.runTest(SuiteRunner.java:455)
at org.testng.SuiteRunner.runSequentially(SuiteRunner.java:450)
at org.testng.SuiteRunner.privateRun(SuiteRunner.java:415)
at org.testng.SuiteRunner.run(SuiteRunner.java:364)
at org.testng.SuiteRunnerWorker.runSuite(SuiteRunnerWorker.java:52)
at org.testng.SuiteRunnerWorker.run(SuiteRunnerWorker.java:84)
at org.testng.TestNG.runSuitesSequentially(TestNG.java:1208)
at org.testng.TestNG.runSuitesLocally(TestNG.java:1137)
at org.testng.TestNG.runSuites(TestNG.java:1049)
at org.testng.TestNG.run(TestNG.java:1017)
at org.testng.remote.AbstractRemoteTestNG.run(AbstractRemoteTestNG.java:132)
at org.testng.remote.RemoteTestNG.initAndRun(RemoteTestNG.java:230)
at org.testng.remote.RemoteTestNG.main(RemoteTestNG.java:76)
]]>
    </failure>
  </testcase> <!-- checkRedirect -->
  <testcase name="checkRedirect" time="3.946" classname="com.orangetheory.testcases.RedirectCheck"/>
  <testcase name="checkRedirect" time="5.883" classname="com.orangetheory.testcases.RedirectCheck">
    <failure type="java.lang.AssertionError" message="expected [https://www.orangetheory.com/en-au/] but found [https://www.orangetheoryfitness.com/]">
      <![CDATA[java.lang.AssertionError: expected [https://www.orangetheory.com/en-au/] but found [https://www.orangetheoryfitness.com/]
at org.testng.Assert.fail(Assert.java:96)
at org.testng.Assert.failNotEquals(Assert.java:776)
at org.testng.Assert.assertEqualsImpl(Assert.java:137)
at org.testng.Assert.assertEquals(Assert.java:118)
at org.testng.Assert.assertEquals(Assert.java:453)
at org.testng.Assert.assertEquals(Assert.java:463)
at com.orangetheory.testcases.RedirectCheck.checkRedirect(RedirectCheck.java:24)
at sun.reflect.NativeMethodAccessorImpl.invoke0(Native Method)
at sun.reflect.NativeMethodAccessorImpl.invoke(NativeMethodAccessorImpl.java:62)
at sun.reflect.DelegatingMethodAccessorImpl.invoke(DelegatingMethodAccessorImpl.java:43)
at java.lang.reflect.Method.invoke(Method.java:498)
at org.testng.internal.MethodInvocationHelper.invokeMethod(MethodInvocationHelper.java:124)
at org.testng.internal.Invoker.invokeMethod(Invoker.java:583)
at org.testng.internal.Invoker.invokeTestMethod(Invoker.java:719)
at org.testng.internal.Invoker.invokeTestMethods(Invoker.java:989)
at org.testng.internal.TestMethodWorker.invokeTestMethods(TestMethodWorker.java:125)
at org.testng.internal.TestMethodWorker.run(TestMethodWorker.java:109)
at org.testng.TestRunner.privateRun(TestRunner.java:648)
at org.testng.TestRunner.run(TestRunner.java:505)
at org.testng.SuiteRunner.runTest(SuiteRunner.java:455)
at org.testng.SuiteRunner.runSequentially(SuiteRunner.java:450)
at org.testng.SuiteRunner.privateRun(SuiteRunner.java:415)
at org.testng.SuiteRunner.run(SuiteRunner.java:364)
at org.testng.SuiteRunnerWorker.runSuite(SuiteRunnerWorker.java:52)
at org.testng.SuiteRunnerWorker.run(SuiteRunnerWorker.java:84)
at org.testng.TestNG.runSuitesSequentially(TestNG.java:1208)
at org.testng.TestNG.runSuitesLocally(TestNG.java:1137)
at org.testng.TestNG.runSuites(TestNG.java:1049)
at org.testng.TestNG.run(TestNG.java:1017)
at org.testng.remote.AbstractRemoteTestNG.run(AbstractRemoteTestNG.java:132)
at org.testng.remote.RemoteTestNG.initAndRun(RemoteTestNG.java:230)
at org.testng.remote.RemoteTestNG.main(RemoteTestNG.java:76)
]]>
    </failure>
  </testcase> <!-- checkRedirect -->
  <testcase name="checkRedirect" time="3.466" classname="com.orangetheory.testcases.RedirectCheck"/>
  <testcase name="checkRedirect" time="3.003" classname="com.orangetheory.testcases.RedirectCheck"/>
  <testcase name="checkRedirect" time="3.025" classname="com.orangetheory.testcases.RedirectCheck"/>
  <testcase name="checkRedirect" time="3.05" classname="com.orangetheory.testcases.RedirectCheck"/>
  <testcase name="checkRedirect" time="4.024" classname="com.orangetheory.testcases.RedirectCheck"/>
  <testcase name="checkRedirect" time="2.52" classname="com.orangetheory.testcases.RedirectCheck"/>
  <testcase name="checkRedirect" time="3.139" classname="com.orangetheory.testcases.RedirectCheck"/>
  <testcase name="checkRedirect" time="3.163" classname="com.orangetheory.testcases.RedirectCheck"/>
  <testcase name="checkRedirect" time="3.795" classname="com.orangetheory.testcases.RedirectCheck"/>
  <testcase name="checkRedirect" time="3.083" classname="com.orangetheory.testcases.RedirectCheck"/>
  <testcase name="checkRedirect" time="2.865" classname="com.orangetheory.testcases.RedirectCheck"/>
  <testcase name="checkRedirect" time="3.29" classname="com.orangetheory.testcases.RedirectCheck"/>
  <testcase name="checkRedirect" time="2.891" classname="com.orangetheory.testcases.RedirectCheck"/>
  <testcase name="checkRedirect" time="2.54" classname="com.orangetheory.testcases.RedirectCheck"/>
  <testcase name="checkRedirect" time="2.816" classname="com.orangetheory.testcases.RedirectCheck"/>
  <testcase name="checkRedirect" time="2.763" classname="com.orangetheory.testcases.RedirectCheck"/>
  <testcase name="checkRedirect" time="2.462" classname="com.orangetheory.testcases.RedirectCheck"/>
  <testcase name="checkRedirect" time="2.874" classname="com.orangetheory.testcases.RedirectCheck"/>
  <testcase name="checkRedirect" time="2.049" classname="com.orangetheory.testcases.RedirectCheck"/>
  <testcase name="checkRedirect" time="2.457" classname="com.orangetheory.testcases.RedirectCheck"/>
  <testcase name="checkRedirect" time="2.54" classname="com.orangetheory.testcases.RedirectCheck"/>
  <testcase name="checkRedirect" time="2.459" classname="com.orangetheory.testcases.RedirectCheck"/>
  <testcase name="checkRedirect" time="2.909" classname="com.orangetheory.testcases.RedirectCheck"/>
  <testcase name="checkRedirect" time="3.006" classname="com.orangetheory.testcases.RedirectCheck"/>
  <testcase name="checkRedirect" time="2.828" classname="com.orangetheory.testcases.RedirectCheck"/>
  <testcase name="checkRedirect" time="2.949" classname="com.orangetheory.testcases.RedirectCheck"/>
  <testcase name="checkRedirect" time="3.238" classname="com.orangetheory.testcases.RedirectCheck"/>
  <testcase name="checkRedirect" time="3.06" classname="com.orangetheory.testcases.RedirectCheck"/>
  <testcase name="checkRedirect" time="3.093" classname="com.orangetheory.testcases.RedirectCheck"/>
  <testcase name="checkRedirect" time="3.027" classname="com.orangetheory.testcases.RedirectCheck"/>
  <testcase name="checkRedirect" time="3.204" classname="com.orangetheory.testcases.RedirectCheck"/>
  <testcase name="checkRedirect" time="3.355" classname="com.orangetheory.testcases.RedirectCheck"/>
  <testcase name="checkRedirect" time="3.387" classname="com.orangetheory.testcases.RedirectCheck"/>
  <testcase name="checkRedirect" time="3.209" classname="com.orangetheory.testcases.RedirectCheck"/>
  <testcase name="checkRedirect" time="3.588" classname="com.orangetheory.testcases.RedirectCheck"/>
  <testcase name="checkRedirect" time="3.363" classname="com.orangetheory.testcases.RedirectCheck"/>
  <testcase name="checkRedirect" time="3.186" classname="com.orangetheory.testcases.RedirectCheck"/>
  <testcase name="checkRedirect" time="3.432" classname="com.orangetheory.testcases.RedirectCheck"/>
  <testcase name="checkRedirect" time="3.828" classname="com.orangetheory.testcases.RedirectCheck"/>
  <testcase name="checkRedirect" time="3.361" classname="com.orangetheory.testcases.RedirectCheck"/>
  <testcase name="checkRedirect" time="3.015" classname="com.orangetheory.testcases.RedirectCheck"/>
  <testcase name="checkRedirect" time="3.351" classname="com.orangetheory.testcases.RedirectCheck"/>
  <testcase name="checkRedirect" time="3.571" classname="com.orangetheory.testcases.RedirectCheck"/>
  <testcase name="checkRedirect" time="2.992" classname="com.orangetheory.testcases.RedirectCheck"/>
  <testcase name="checkRedirect" time="3.377" classname="com.orangetheory.testcases.RedirectCheck"/>
  <testcase name="checkRedirect" time="3.21" classname="com.orangetheory.testcases.RedirectCheck"/>
  <testcase name="checkRedirect" time="3.245" classname="com.orangetheory.testcases.RedirectCheck"/>
  <testcase name="checkRedirect" time="2.903" classname="com.orangetheory.testcases.RedirectCheck"/>
  <testcase name="checkRedirect" time="3.388" classname="com.orangetheory.testcases.RedirectCheck"/>
  <testcase name="checkRedirect" time="3.255" classname="com.orangetheory.testcases.RedirectCheck"/>
  <testcase name="checkRedirect" time="2.86" classname="com.orangetheory.testcases.RedirectCheck"/>
  <testcase name="checkRedirect" time="2.704" classname="com.orangetheory.testcases.RedirectCheck"/>
  <testcase name="checkRedirect" time="2.473" classname="com.orangetheory.testcases.RedirectCheck"/>
  <testcase name="checkRedirect" time="2.823" classname="com.orangetheory.testcases.RedirectCheck"/>
  <testcase name="checkRedirect" time="2.832" classname="com.orangetheory.testcases.RedirectCheck"/>
  <testcase name="checkRedirect" time="2.46" classname="com.orangetheory.testcases.RedirectCheck"/>
</testsuite> <!-- Default test -->
