<?xml version="1.0" encoding="UTF-8"?>
<!-- Generated by org.testng.reporters.JUnitXMLReporter -->
<testsuite hostname="WKWIN9370960" ignored="0" name="Test" tests="9" failures="2" timestamp="18 Apr 2020 13:58:59 GMT" time="38.741" errors="0">
  <testcase name="checkRedirect" time="9.512" classname="com.orangetheory.testcases.RedirectCheck"/>
  <testcase name="checkRedirect" time="3.736" classname="com.orangetheory.testcases.RedirectCheck"/>
  <testcase name="checkRedirect" time="3.419" classname="com.orangetheory.testcases.RedirectCheck"/>
  <testcase name="checkRedirect" time="4.55" classname="com.orangetheory.testcases.RedirectCheck">
    <failure type="java.lang.AssertionError" message="expected [https://www.orangetheory.com/en-au/] but found [https://www.orangetheoryfitness.com/]">
      <![CDATA[java.lang.AssertionError: expected [https://www.orangetheory.com/en-au/] but found [https://www.orangetheoryfitness.com/]
at com.orangetheory.testcases.RedirectCheck.checkRedirect(RedirectCheck.java:24)
... Removed 31 stack frames]]>
    </failure>
  </testcase> <!-- checkRedirect -->
  <testcase name="checkRedirect" time="2.419" classname="com.orangetheory.testcases.RedirectCheck"/>
  <testcase name="checkRedirect" time="4.845" classname="com.orangetheory.testcases.RedirectCheck">
    <failure type="java.lang.AssertionError" message="expected [https://www.orangetheory.com/en-au/] but found [https://www.orangetheoryfitness.com/]">
      <![CDATA[java.lang.AssertionError: expected [https://www.orangetheory.com/en-au/] but found [https://www.orangetheoryfitness.com/]
at com.orangetheory.testcases.RedirectCheck.checkRedirect(RedirectCheck.java:24)
... Removed 31 stack frames]]>
    </failure>
  </testcase> <!-- checkRedirect -->
  <testcase name="checkRedirect" time="2.267" classname="com.orangetheory.testcases.RedirectCheck"/>
  <testcase name="checkRedirect" time="2.197" classname="com.orangetheory.testcases.RedirectCheck"/>
  <testcase name="checkRedirect" time="2.19" classname="com.orangetheory.testcases.RedirectCheck"/>
</testsuite> <!-- Test -->
