<?xml version="1.0" encoding="UTF-8"?>
<testng-results skipped="0" failed="2" ignored="0" total="62" passed="60">
  <reporter-output>
  </reporter-output>
  <suite name="Default suite" duration-ms="150675" started-at="2020-04-17T14:54:35Z" finished-at="2020-04-17T14:57:05Z">
    <groups>
    </groups>
    <test name="Default test" duration-ms="150675" started-at="2020-04-17T14:54:35Z" finished-at="2020-04-17T14:57:05Z">
      <class name="com.orangetheory.testcases.RedirectCheck">
        <test-method status="PASS" signature="setUp()[pri:0, instance:com.orangetheory.testcases.RedirectCheck@4671e53b]" name="setUp" is-config="true" duration-ms="1644" started-at="2020-04-17T14:54:35Z" finished-at="2020-04-17T14:54:36Z">
          <reporter-output>
          </reporter-output>
        </test-method> <!-- setUp -->
        <test-method status="PASS" signature="checkRedirect(java.lang.String, java.lang.String)[pri:0, instance:com.orangetheory.testcases.RedirectCheck@4671e53b]" name="checkRedirect" duration-ms="9072" started-at="2020-04-17T14:54:37Z" data-provider="getData" finished-at="2020-04-17T14:54:47Z">
          <params>
            <param index="0">
              <value>
                <![CDATA[https://www.orangetheoryfitness.com.au/lease-submission-form]]>
              </value>
            </param>
            <param index="1">
              <value>
                <![CDATA[https://www.orangetheoryfitness.com/lease-submission-form]]>
              </value>
            </param>
          </params>
          <reporter-output>
          </reporter-output>
        </test-method> <!-- checkRedirect -->
        <test-method status="PASS" signature="checkRedirect(java.lang.String, java.lang.String)[pri:0, instance:com.orangetheory.testcases.RedirectCheck@4671e53b]" name="checkRedirect" duration-ms="3347" started-at="2020-04-17T14:54:47Z" data-provider="getData" finished-at="2020-04-17T14:54:50Z">
          <params>
            <param index="0">
              <value>
                <![CDATA[https://www.orangetheoryfitness.com.au/loi-approval-form]]>
              </value>
            </param>
            <param index="1">
              <value>
                <![CDATA[https://www.orangetheoryfitness.com/loi-approval-form]]>
              </value>
            </param>
          </params>
          <reporter-output>
          </reporter-output>
        </test-method> <!-- checkRedirect -->
        <test-method status="PASS" signature="checkRedirect(java.lang.String, java.lang.String)[pri:0, instance:com.orangetheory.testcases.RedirectCheck@4671e53b]" name="checkRedirect" duration-ms="3230" started-at="2020-04-17T14:54:50Z" data-provider="getData" finished-at="2020-04-17T14:54:53Z">
          <params>
            <param index="0">
              <value>
                <![CDATA[https://www.orangetheoryfitness.com.au/site-review-approval-form]]>
              </value>
            </param>
            <param index="1">
              <value>
                <![CDATA[https://www.orangetheoryfitness.com/site-review-approval-form]]>
              </value>
            </param>
          </params>
          <reporter-output>
          </reporter-output>
        </test-method> <!-- checkRedirect -->
        <test-method status="FAIL" signature="checkRedirect(java.lang.String, java.lang.String)[pri:0, instance:com.orangetheory.testcases.RedirectCheck@4671e53b]" name="checkRedirect" duration-ms="4495" started-at="2020-04-17T14:54:53Z" data-provider="getData" finished-at="2020-04-17T14:54:58Z">
          <params>
            <param index="0">
              <value>
                <![CDATA[http://orangetheoryfitness.com.au/]]>
              </value>
            </param>
            <param index="1">
              <value>
                <![CDATA[https://www.orangetheory.com/en-au/]]>
              </value>
            </param>
          </params>
          <exception class="java.lang.AssertionError">
            <message>
              <![CDATA[expected [https://www.orangetheory.com/en-au/] but found [https://www.orangetheoryfitness.com/]]]>
            </message>
            <full-stacktrace>
              <![CDATA[java.lang.AssertionError: expected [https://www.orangetheory.com/en-au/] but found [https://www.orangetheoryfitness.com/]
at org.testng.Assert.fail(Assert.java:96)
at org.testng.Assert.failNotEquals(Assert.java:776)
at org.testng.Assert.assertEqualsImpl(Assert.java:137)
at org.testng.Assert.assertEquals(Assert.java:118)
at org.testng.Assert.assertEquals(Assert.java:453)
at org.testng.Assert.assertEquals(Assert.java:463)
at com.orangetheory.testcases.RedirectCheck.checkRedirect(RedirectCheck.java:25)
at sun.reflect.NativeMethodAccessorImpl.invoke0(Native Method)
at sun.reflect.NativeMethodAccessorImpl.invoke(NativeMethodAccessorImpl.java:62)
at sun.reflect.DelegatingMethodAccessorImpl.invoke(DelegatingMethodAccessorImpl.java:43)
at java.lang.reflect.Method.invoke(Method.java:498)
at org.testng.internal.MethodInvocationHelper.invokeMethod(MethodInvocationHelper.java:124)
at org.testng.internal.Invoker.invokeMethod(Invoker.java:583)
at org.testng.internal.Invoker.invokeTestMethod(Invoker.java:719)
at org.testng.internal.Invoker.invokeTestMethods(Invoker.java:989)
at org.testng.internal.TestMethodWorker.invokeTestMethods(TestMethodWorker.java:125)
at org.testng.internal.TestMethodWorker.run(TestMethodWorker.java:109)
at org.testng.TestRunner.privateRun(TestRunner.java:648)
at org.testng.TestRunner.run(TestRunner.java:505)
at org.testng.SuiteRunner.runTest(SuiteRunner.java:455)
at org.testng.SuiteRunner.runSequentially(SuiteRunner.java:450)
at org.testng.SuiteRunner.privateRun(SuiteRunner.java:415)
at org.testng.SuiteRunner.run(SuiteRunner.java:364)
at org.testng.SuiteRunnerWorker.runSuite(SuiteRunnerWorker.java:52)
at org.testng.SuiteRunnerWorker.run(SuiteRunnerWorker.java:84)
at org.testng.TestNG.runSuitesSequentially(TestNG.java:1208)
at org.testng.TestNG.runSuitesLocally(TestNG.java:1137)
at org.testng.TestNG.runSuites(TestNG.java:1049)
at org.testng.TestNG.run(TestNG.java:1017)
at org.testng.remote.AbstractRemoteTestNG.run(AbstractRemoteTestNG.java:132)
at org.testng.remote.RemoteTestNG.initAndRun(RemoteTestNG.java:230)
at org.testng.remote.RemoteTestNG.main(RemoteTestNG.java:76)
]]>
            </full-stacktrace>
          </exception> <!-- java.lang.AssertionError -->
          <reporter-output>
          </reporter-output>
        </test-method> <!-- checkRedirect -->
        <test-method status="PASS" signature="checkRedirect(java.lang.String, java.lang.String)[pri:0, instance:com.orangetheory.testcases.RedirectCheck@4671e53b]" name="checkRedirect" duration-ms="2349" started-at="2020-04-17T14:54:58Z" data-provider="getData" finished-at="2020-04-17T14:55:00Z">
          <params>
            <param index="0">
              <value>
                <![CDATA[https://orangetheoryfitness.com.au/locations]]>
              </value>
            </param>
            <param index="1">
              <value>
                <![CDATA[https://www.orangetheory.com/en-au/locations/]]>
              </value>
            </param>
          </params>
          <reporter-output>
          </reporter-output>
        </test-method> <!-- checkRedirect -->
        <test-method status="FAIL" signature="checkRedirect(java.lang.String, java.lang.String)[pri:0, instance:com.orangetheory.testcases.RedirectCheck@4671e53b]" name="checkRedirect" duration-ms="5674" started-at="2020-04-17T14:55:00Z" data-provider="getData" finished-at="2020-04-17T14:55:06Z">
          <params>
            <param index="0">
              <value>
                <![CDATA[https://www.orangetheoryfitness.com.au/]]>
              </value>
            </param>
            <param index="1">
              <value>
                <![CDATA[https://www.orangetheory.com/en-au/]]>
              </value>
            </param>
          </params>
          <exception class="java.lang.AssertionError">
            <message>
              <![CDATA[expected [https://www.orangetheory.com/en-au/] but found [https://www.orangetheoryfitness.com/]]]>
            </message>
            <full-stacktrace>
              <![CDATA[java.lang.AssertionError: expected [https://www.orangetheory.com/en-au/] but found [https://www.orangetheoryfitness.com/]
at org.testng.Assert.fail(Assert.java:96)
at org.testng.Assert.failNotEquals(Assert.java:776)
at org.testng.Assert.assertEqualsImpl(Assert.java:137)
at org.testng.Assert.assertEquals(Assert.java:118)
at org.testng.Assert.assertEquals(Assert.java:453)
at org.testng.Assert.assertEquals(Assert.java:463)
at com.orangetheory.testcases.RedirectCheck.checkRedirect(RedirectCheck.java:25)
at sun.reflect.NativeMethodAccessorImpl.invoke0(Native Method)
at sun.reflect.NativeMethodAccessorImpl.invoke(NativeMethodAccessorImpl.java:62)
at sun.reflect.DelegatingMethodAccessorImpl.invoke(DelegatingMethodAccessorImpl.java:43)
at java.lang.reflect.Method.invoke(Method.java:498)
at org.testng.internal.MethodInvocationHelper.invokeMethod(MethodInvocationHelper.java:124)
at org.testng.internal.Invoker.invokeMethod(Invoker.java:583)
at org.testng.internal.Invoker.invokeTestMethod(Invoker.java:719)
at org.testng.internal.Invoker.invokeTestMethods(Invoker.java:989)
at org.testng.internal.TestMethodWorker.invokeTestMethods(TestMethodWorker.java:125)
at org.testng.internal.TestMethodWorker.run(TestMethodWorker.java:109)
at org.testng.TestRunner.privateRun(TestRunner.java:648)
at org.testng.TestRunner.run(TestRunner.java:505)
at org.testng.SuiteRunner.runTest(SuiteRunner.java:455)
at org.testng.SuiteRunner.runSequentially(SuiteRunner.java:450)
at org.testng.SuiteRunner.privateRun(SuiteRunner.java:415)
at org.testng.SuiteRunner.run(SuiteRunner.java:364)
at org.testng.SuiteRunnerWorker.runSuite(SuiteRunnerWorker.java:52)
at org.testng.SuiteRunnerWorker.run(SuiteRunnerWorker.java:84)
at org.testng.TestNG.runSuitesSequentially(TestNG.java:1208)
at org.testng.TestNG.runSuitesLocally(TestNG.java:1137)
at org.testng.TestNG.runSuites(TestNG.java:1049)
at org.testng.TestNG.run(TestNG.java:1017)
at org.testng.remote.AbstractRemoteTestNG.run(AbstractRemoteTestNG.java:132)
at org.testng.remote.RemoteTestNG.initAndRun(RemoteTestNG.java:230)
at org.testng.remote.RemoteTestNG.main(RemoteTestNG.java:76)
]]>
            </full-stacktrace>
          </exception> <!-- java.lang.AssertionError -->
          <reporter-output>
          </reporter-output>
        </test-method> <!-- checkRedirect -->
        <test-method status="PASS" signature="checkRedirect(java.lang.String, java.lang.String)[pri:0, instance:com.orangetheory.testcases.RedirectCheck@4671e53b]" name="checkRedirect" duration-ms="2241" started-at="2020-04-17T14:55:06Z" data-provider="getData" finished-at="2020-04-17T14:55:08Z">
          <params>
            <param index="0">
              <value>
                <![CDATA[https://www.orangetheoryfitness.com.au/3free/three-for-free-thank-you]]>
              </value>
            </param>
            <param index="1">
              <value>
                <![CDATA[https://www.orangetheory.com/en-au/]]>
              </value>
            </param>
          </params>
          <reporter-output>
          </reporter-output>
        </test-method> <!-- checkRedirect -->
        <test-method status="PASS" signature="checkRedirect(java.lang.String, java.lang.String)[pri:0, instance:com.orangetheory.testcases.RedirectCheck@4671e53b]" name="checkRedirect" duration-ms="2188" started-at="2020-04-17T14:55:08Z" data-provider="getData" finished-at="2020-04-17T14:55:10Z">
          <params>
            <param index="0">
              <value>
                <![CDATA[https://www.orangetheoryfitness.com.au/4-classes-75]]>
              </value>
            </param>
            <param index="1">
              <value>
                <![CDATA[https://www.orangetheory.com/en-au/]]>
              </value>
            </param>
          </params>
          <reporter-output>
          </reporter-output>
        </test-method> <!-- checkRedirect -->
        <test-method status="PASS" signature="checkRedirect(java.lang.String, java.lang.String)[pri:0, instance:com.orangetheory.testcases.RedirectCheck@4671e53b]" name="checkRedirect" duration-ms="2174" started-at="2020-04-17T14:55:10Z" data-provider="getData" finished-at="2020-04-17T14:55:12Z">
          <params>
            <param index="0">
              <value>
                <![CDATA[https://www.orangetheoryfitness.com.au/about]]>
              </value>
            </param>
            <param index="1">
              <value>
                <![CDATA[https://www.orangetheory.com/en-au/]]>
              </value>
            </param>
          </params>
          <reporter-output>
          </reporter-output>
        </test-method> <!-- checkRedirect -->
        <test-method status="PASS" signature="checkRedirect(java.lang.String, java.lang.String)[pri:0, instance:com.orangetheory.testcases.RedirectCheck@4671e53b]" name="checkRedirect" duration-ms="2233" started-at="2020-04-17T14:55:12Z" data-provider="getData" finished-at="2020-04-17T14:55:14Z">
          <params>
            <param index="0">
              <value>
                <![CDATA[https://www.orangetheoryfitness.com.au/afterburn]]>
              </value>
            </param>
            <param index="1">
              <value>
                <![CDATA[https://www.orangetheory.com/en-au/]]>
              </value>
            </param>
          </params>
          <reporter-output>
          </reporter-output>
        </test-method> <!-- checkRedirect -->
        <test-method status="PASS" signature="checkRedirect(java.lang.String, java.lang.String)[pri:0, instance:com.orangetheory.testcases.RedirectCheck@4671e53b]" name="checkRedirect" duration-ms="2061" started-at="2020-04-17T14:55:14Z" data-provider="getData" finished-at="2020-04-17T14:55:17Z">
          <params>
            <param index="0">
              <value>
                <![CDATA[https://www.orangetheoryfitness.com.au/careers]]>
              </value>
            </param>
            <param index="1">
              <value>
                <![CDATA[https://www.orangetheory.com/en-au/careers/]]>
              </value>
            </param>
          </params>
          <reporter-output>
          </reporter-output>
        </test-method> <!-- checkRedirect -->
        <test-method status="PASS" signature="checkRedirect(java.lang.String, java.lang.String)[pri:0, instance:com.orangetheory.testcases.RedirectCheck@4671e53b]" name="checkRedirect" duration-ms="2048" started-at="2020-04-17T14:55:17Z" data-provider="getData" finished-at="2020-04-17T14:55:19Z">
          <params>
            <param index="0">
              <value>
                <![CDATA[https://www.orangetheoryfitness.com.au/careers/studio-positions]]>
              </value>
            </param>
            <param index="1">
              <value>
                <![CDATA[https://www.orangetheory.com/en-au/careers/]]>
              </value>
            </param>
          </params>
          <reporter-output>
          </reporter-output>
        </test-method> <!-- checkRedirect -->
        <test-method status="PASS" signature="checkRedirect(java.lang.String, java.lang.String)[pri:0, instance:com.orangetheory.testcases.RedirectCheck@4671e53b]" name="checkRedirect" duration-ms="2171" started-at="2020-04-17T14:55:19Z" data-provider="getData" finished-at="2020-04-17T14:55:21Z">
          <params>
            <param index="0">
              <value>
                <![CDATA[https://www.orangetheoryfitness.com.au/city2surf]]>
              </value>
            </param>
            <param index="1">
              <value>
                <![CDATA[https://www.orangetheory.com/en-au/]]>
              </value>
            </param>
          </params>
          <reporter-output>
          </reporter-output>
        </test-method> <!-- checkRedirect -->
        <test-method status="PASS" signature="checkRedirect(java.lang.String, java.lang.String)[pri:0, instance:com.orangetheory.testcases.RedirectCheck@4671e53b]" name="checkRedirect" duration-ms="2169" started-at="2020-04-17T14:55:21Z" data-provider="getData" finished-at="2020-04-17T14:55:23Z">
          <params>
            <param index="0">
              <value>
                <![CDATA[https://www.orangetheoryfitness.com.au/city2surf/city2surf-thank-you]]>
              </value>
            </param>
            <param index="1">
              <value>
                <![CDATA[https://www.orangetheory.com/en-au/]]>
              </value>
            </param>
          </params>
          <reporter-output>
          </reporter-output>
        </test-method> <!-- checkRedirect -->
        <test-method status="PASS" signature="checkRedirect(java.lang.String, java.lang.String)[pri:0, instance:com.orangetheory.testcases.RedirectCheck@4671e53b]" name="checkRedirect" duration-ms="2089" started-at="2020-04-17T14:55:23Z" data-provider="getData" finished-at="2020-04-17T14:55:25Z">
          <params>
            <param index="0">
              <value>
                <![CDATA[https://www.orangetheoryfitness.com.au/corporate]]>
              </value>
            </param>
            <param index="1">
              <value>
                <![CDATA[https://www.orangetheory.com/en-au/memberships/]]>
              </value>
            </param>
          </params>
          <reporter-output>
          </reporter-output>
        </test-method> <!-- checkRedirect -->
        <test-method status="PASS" signature="checkRedirect(java.lang.String, java.lang.String)[pri:0, instance:com.orangetheory.testcases.RedirectCheck@4671e53b]" name="checkRedirect" duration-ms="2044" started-at="2020-04-17T14:55:25Z" data-provider="getData" finished-at="2020-04-17T14:55:27Z">
          <params>
            <param index="0">
              <value>
                <![CDATA[https://www.orangetheoryfitness.com.au/corporate/contact-us]]>
              </value>
            </param>
            <param index="1">
              <value>
                <![CDATA[https://www.orangetheory.com/en-au/contact-us/]]>
              </value>
            </param>
          </params>
          <reporter-output>
          </reporter-output>
        </test-method> <!-- checkRedirect -->
        <test-method status="PASS" signature="checkRedirect(java.lang.String, java.lang.String)[pri:0, instance:com.orangetheory.testcases.RedirectCheck@4671e53b]" name="checkRedirect" duration-ms="2036" started-at="2020-04-17T14:55:27Z" data-provider="getData" finished-at="2020-04-17T14:55:29Z">
          <params>
            <param index="0">
              <value>
                <![CDATA[https://www.orangetheoryfitness.com.au/corporate/corporate-memberships]]>
              </value>
            </param>
            <param index="1">
              <value>
                <![CDATA[https://www.orangetheory.com/en-au/memberships/]]>
              </value>
            </param>
          </params>
          <reporter-output>
          </reporter-output>
        </test-method> <!-- checkRedirect -->
        <test-method status="PASS" signature="checkRedirect(java.lang.String, java.lang.String)[pri:0, instance:com.orangetheory.testcases.RedirectCheck@4671e53b]" name="checkRedirect" duration-ms="2052" started-at="2020-04-17T14:55:29Z" data-provider="getData" finished-at="2020-04-17T14:55:31Z">
          <params>
            <param index="0">
              <value>
                <![CDATA[https://www.orangetheoryfitness.com.au/ellen-latham-cracks-the-fitness-theory]]>
              </value>
            </param>
            <param index="1">
              <value>
                <![CDATA[https://www.orangetheory.com/en-au/articles/]]>
              </value>
            </param>
          </params>
          <reporter-output>
          </reporter-output>
        </test-method> <!-- checkRedirect -->
        <test-method status="PASS" signature="checkRedirect(java.lang.String, java.lang.String)[pri:0, instance:com.orangetheory.testcases.RedirectCheck@4671e53b]" name="checkRedirect" duration-ms="2051" started-at="2020-04-17T14:55:31Z" data-provider="getData" finished-at="2020-04-17T14:55:33Z">
          <params>
            <param index="0">
              <value>
                <![CDATA[https://www.orangetheoryfitness.com.au/faq]]>
              </value>
            </param>
            <param index="1">
              <value>
                <![CDATA[https://www.orangetheory.com/en-au/faq/]]>
              </value>
            </param>
          </params>
          <reporter-output>
          </reporter-output>
        </test-method> <!-- checkRedirect -->
        <test-method status="PASS" signature="checkRedirect(java.lang.String, java.lang.String)[pri:0, instance:com.orangetheory.testcases.RedirectCheck@4671e53b]" name="checkRedirect" duration-ms="2036" started-at="2020-04-17T14:55:33Z" data-provider="getData" finished-at="2020-04-17T14:55:35Z">
          <params>
            <param index="0">
              <value>
                <![CDATA[https://www.orangetheoryfitness.com.au/find-out-why-runners-love-orangetheory]]>
              </value>
            </param>
            <param index="1">
              <value>
                <![CDATA[https://www.orangetheory.com/en-au/articles/]]>
              </value>
            </param>
          </params>
          <reporter-output>
          </reporter-output>
        </test-method> <!-- checkRedirect -->
        <test-method status="PASS" signature="checkRedirect(java.lang.String, java.lang.String)[pri:0, instance:com.orangetheory.testcases.RedirectCheck@4671e53b]" name="checkRedirect" duration-ms="2034" started-at="2020-04-17T14:55:35Z" data-provider="getData" finished-at="2020-04-17T14:55:37Z">
          <params>
            <param index="0">
              <value>
                <![CDATA[https://www.orangetheoryfitness.com.au/fort-lauderdale-based-orangetheory-fitness-grows-like-wildfire]]>
              </value>
            </param>
            <param index="1">
              <value>
                <![CDATA[https://www.orangetheory.com/en-au/articles/]]>
              </value>
            </param>
          </params>
          <reporter-output>
          </reporter-output>
        </test-method> <!-- checkRedirect -->
        <test-method status="PASS" signature="checkRedirect(java.lang.String, java.lang.String)[pri:0, instance:com.orangetheory.testcases.RedirectCheck@4671e53b]" name="checkRedirect" duration-ms="2162" started-at="2020-04-17T14:55:37Z" data-provider="getData" finished-at="2020-04-17T14:55:39Z">
          <params>
            <param index="0">
              <value>
                <![CDATA[https://www.orangetheoryfitness.com.au/free-trial]]>
              </value>
            </param>
            <param index="1">
              <value>
                <![CDATA[https://www.orangetheory.com/en-au/]]>
              </value>
            </param>
          </params>
          <reporter-output>
          </reporter-output>
        </test-method> <!-- checkRedirect -->
        <test-method status="PASS" signature="checkRedirect(java.lang.String, java.lang.String)[pri:0, instance:com.orangetheory.testcases.RedirectCheck@4671e53b]" name="checkRedirect" duration-ms="2033" started-at="2020-04-17T14:55:39Z" data-provider="getData" finished-at="2020-04-17T14:55:41Z">
          <params>
            <param index="0">
              <value>
                <![CDATA[https://www.orangetheoryfitness.com.au/how-a-studio-called-orangetheory-is-the-new-green-in-high-tech-fitness]]>
              </value>
            </param>
            <param index="1">
              <value>
                <![CDATA[https://www.orangetheory.com/en-au/articles/]]>
              </value>
            </param>
          </params>
          <reporter-output>
          </reporter-output>
        </test-method> <!-- checkRedirect -->
        <test-method status="PASS" signature="checkRedirect(java.lang.String, java.lang.String)[pri:0, instance:com.orangetheory.testcases.RedirectCheck@4671e53b]" name="checkRedirect" duration-ms="2049" started-at="2020-04-17T14:55:41Z" data-provider="getData" finished-at="2020-04-17T14:55:44Z">
          <params>
            <param index="0">
              <value>
                <![CDATA[https://www.orangetheoryfitness.com.au/japan]]>
              </value>
            </param>
            <param index="1">
              <value>
                <![CDATA[https://www.orangetheory.com/en-au/articles/]]>
              </value>
            </param>
          </params>
          <reporter-output>
          </reporter-output>
        </test-method> <!-- checkRedirect -->
        <test-method status="PASS" signature="checkRedirect(java.lang.String, java.lang.String)[pri:0, instance:com.orangetheory.testcases.RedirectCheck@4671e53b]" name="checkRedirect" duration-ms="2086" started-at="2020-04-17T14:55:44Z" data-provider="getData" finished-at="2020-04-17T14:55:46Z">
          <params>
            <param index="0">
              <value>
                <![CDATA[https://www.orangetheoryfitness.com.au/locations]]>
              </value>
            </param>
            <param index="1">
              <value>
                <![CDATA[https://www.orangetheory.com/en-au/locations/]]>
              </value>
            </param>
          </params>
          <reporter-output>
          </reporter-output>
        </test-method> <!-- checkRedirect -->
        <test-method status="PASS" signature="checkRedirect(java.lang.String, java.lang.String)[pri:0, instance:com.orangetheory.testcases.RedirectCheck@4671e53b]" name="checkRedirect" duration-ms="2036" started-at="2020-04-17T14:55:46Z" data-provider="getData" finished-at="2020-04-17T14:55:48Z">
          <params>
            <param index="0">
              <value>
                <![CDATA[https://www.orangetheoryfitness.com.au/locations-list]]>
              </value>
            </param>
            <param index="1">
              <value>
                <![CDATA[https://www.orangetheory.com/en-au/locations/]]>
              </value>
            </param>
          </params>
          <reporter-output>
          </reporter-output>
        </test-method> <!-- checkRedirect -->
        <test-method status="PASS" signature="checkRedirect(java.lang.String, java.lang.String)[pri:0, instance:com.orangetheory.testcases.RedirectCheck@4671e53b]" name="checkRedirect" duration-ms="2031" started-at="2020-04-17T14:55:48Z" data-provider="getData" finished-at="2020-04-17T14:55:50Z">
          <params>
            <param index="0">
              <value>
                <![CDATA[https://www.orangetheoryfitness.com.au/memberships]]>
              </value>
            </param>
            <param index="1">
              <value>
                <![CDATA[https://www.orangetheory.com/en-au/memberships/]]>
              </value>
            </param>
          </params>
          <reporter-output>
          </reporter-output>
        </test-method> <!-- checkRedirect -->
        <test-method status="PASS" signature="checkRedirect(java.lang.String, java.lang.String)[pri:0, instance:com.orangetheory.testcases.RedirectCheck@4671e53b]" name="checkRedirect" duration-ms="2034" started-at="2020-04-17T14:55:50Z" data-provider="getData" finished-at="2020-04-17T14:55:52Z">
          <params>
            <param index="0">
              <value>
                <![CDATA[https://www.orangetheoryfitness.com.au/news]]>
              </value>
            </param>
            <param index="1">
              <value>
                <![CDATA[https://www.orangetheory.com/en-au/articles/]]>
              </value>
            </param>
          </params>
          <reporter-output>
          </reporter-output>
        </test-method> <!-- checkRedirect -->
        <test-method status="PASS" signature="checkRedirect(java.lang.String, java.lang.String)[pri:0, instance:com.orangetheory.testcases.RedirectCheck@4671e53b]" name="checkRedirect" duration-ms="2033" started-at="2020-04-17T14:55:52Z" data-provider="getData" finished-at="2020-04-17T14:55:54Z">
          <params>
            <param index="0">
              <value>
                <![CDATA[https://www.orangetheoryfitness.com.au/news/]]>
              </value>
            </param>
            <param index="1">
              <value>
                <![CDATA[https://www.orangetheory.com/en-au/articles/]]>
              </value>
            </param>
          </params>
          <reporter-output>
          </reporter-output>
        </test-method> <!-- checkRedirect -->
        <test-method status="PASS" signature="checkRedirect(java.lang.String, java.lang.String)[pri:0, instance:com.orangetheory.testcases.RedirectCheck@4671e53b]" name="checkRedirect" duration-ms="2046" started-at="2020-04-17T14:55:54Z" data-provider="getData" finished-at="2020-04-17T14:55:56Z">
          <params>
            <param index="0">
              <value>
                <![CDATA[https://www.orangetheoryfitness.com.au/news/page/2]]>
              </value>
            </param>
            <param index="1">
              <value>
                <![CDATA[https://www.orangetheory.com/en-au/articles/]]>
              </value>
            </param>
          </params>
          <reporter-output>
          </reporter-output>
        </test-method> <!-- checkRedirect -->
        <test-method status="PASS" signature="checkRedirect(java.lang.String, java.lang.String)[pri:0, instance:com.orangetheory.testcases.RedirectCheck@4671e53b]" name="checkRedirect" duration-ms="2041" started-at="2020-04-17T14:55:56Z" data-provider="getData" finished-at="2020-04-17T14:55:58Z">
          <params>
            <param index="0">
              <value>
                <![CDATA[https://www.orangetheoryfitness.com.au/orangetheory-fitness-becomes-official-sponsor-of-the-new-york]]>
              </value>
            </param>
            <param index="1">
              <value>
                <![CDATA[https://www.orangetheory.com/en-au/articles/]]>
              </value>
            </param>
          </params>
          <reporter-output>
          </reporter-output>
        </test-method> <!-- checkRedirect -->
        <test-method status="PASS" signature="checkRedirect(java.lang.String, java.lang.String)[pri:0, instance:com.orangetheory.testcases.RedirectCheck@4671e53b]" name="checkRedirect" duration-ms="2171" started-at="2020-04-17T14:55:58Z" data-provider="getData" finished-at="2020-04-17T14:56:00Z">
          <params>
            <param index="0">
              <value>
                <![CDATA[https://www.orangetheoryfitness.com.au/otbeat]]>
              </value>
            </param>
            <param index="1">
              <value>
                <![CDATA[https://www.orangetheory.com/en-au/]]>
              </value>
            </param>
          </params>
          <reporter-output>
          </reporter-output>
        </test-method> <!-- checkRedirect -->
        <test-method status="PASS" signature="checkRedirect(java.lang.String, java.lang.String)[pri:0, instance:com.orangetheory.testcases.RedirectCheck@4671e53b]" name="checkRedirect" duration-ms="2071" started-at="2020-04-17T14:56:00Z" data-provider="getData" finished-at="2020-04-17T14:56:02Z">
          <params>
            <param index="0">
              <value>
                <![CDATA[https://www.orangetheoryfitness.com.au/privacy-policy]]>
              </value>
            </param>
            <param index="1">
              <value>
                <![CDATA[https://www.orangetheory.com/en-au/privacy-policy/]]>
              </value>
            </param>
          </params>
          <reporter-output>
          </reporter-output>
        </test-method> <!-- checkRedirect -->
        <test-method status="PASS" signature="checkRedirect(java.lang.String, java.lang.String)[pri:0, instance:com.orangetheory.testcases.RedirectCheck@4671e53b]" name="checkRedirect" duration-ms="2171" started-at="2020-04-17T14:56:02Z" data-provider="getData" finished-at="2020-04-17T14:56:04Z">
          <params>
            <param index="0">
              <value>
                <![CDATA[https://www.orangetheoryfitness.com.au/sitemap]]>
              </value>
            </param>
            <param index="1">
              <value>
                <![CDATA[https://www.orangetheory.com/en-au/]]>
              </value>
            </param>
          </params>
          <reporter-output>
          </reporter-output>
        </test-method> <!-- checkRedirect -->
        <test-method status="PASS" signature="checkRedirect(java.lang.String, java.lang.String)[pri:0, instance:com.orangetheory.testcases.RedirectCheck@4671e53b]" name="checkRedirect" duration-ms="2226" started-at="2020-04-17T14:56:04Z" data-provider="getData" finished-at="2020-04-17T14:56:06Z">
          <params>
            <param index="0">
              <value>
                <![CDATA[https://www.orangetheoryfitness.com.au/studio/ascot]]>
              </value>
            </param>
            <param index="1">
              <value>
                <![CDATA[https://www.orangetheory.com/en-au/locations/queensland/ascot/188-nudgee-rd/]]>
              </value>
            </param>
          </params>
          <reporter-output>
          </reporter-output>
        </test-method> <!-- checkRedirect -->
        <test-method status="PASS" signature="checkRedirect(java.lang.String, java.lang.String)[pri:0, instance:com.orangetheory.testcases.RedirectCheck@4671e53b]" name="checkRedirect" duration-ms="2186" started-at="2020-04-17T14:56:06Z" data-provider="getData" finished-at="2020-04-17T14:56:09Z">
          <params>
            <param index="0">
              <value>
                <![CDATA[https://www.orangetheoryfitness.com.au/studio/aspley]]>
              </value>
            </param>
            <param index="1">
              <value>
                <![CDATA[https://www.orangetheory.com/en-au/locations/queensland/aspley/815-zillmere-rd/]]>
              </value>
            </param>
          </params>
          <reporter-output>
          </reporter-output>
        </test-method> <!-- checkRedirect -->
        <test-method status="PASS" signature="checkRedirect(java.lang.String, java.lang.String)[pri:0, instance:com.orangetheory.testcases.RedirectCheck@4671e53b]" name="checkRedirect" duration-ms="2199" started-at="2020-04-17T14:56:09Z" data-provider="getData" finished-at="2020-04-17T14:56:11Z">
          <params>
            <param index="0">
              <value>
                <![CDATA[https://www.orangetheoryfitness.com.au/studio/balmain]]>
              </value>
            </param>
            <param index="1">
              <value>
                <![CDATA[https://www.orangetheory.com/en-au/locations/new-south-wales/balmain/366-darling-street/]]>
              </value>
            </param>
          </params>
          <reporter-output>
          </reporter-output>
        </test-method> <!-- checkRedirect -->
        <test-method status="PASS" signature="checkRedirect(java.lang.String, java.lang.String)[pri:0, instance:com.orangetheory.testcases.RedirectCheck@4671e53b]" name="checkRedirect" duration-ms="2186" started-at="2020-04-17T14:56:11Z" data-provider="getData" finished-at="2020-04-17T14:56:13Z">
          <params>
            <param index="0">
              <value>
                <![CDATA[https://www.orangetheoryfitness.com.au/studio/bondijunctionnsw]]>
              </value>
            </param>
            <param index="1">
              <value>
                <![CDATA[https://www.orangetheory.com/en-au/locations/new-south-wales/bondi-junction/64-bronte-rd/]]>
              </value>
            </param>
          </params>
          <reporter-output>
          </reporter-output>
        </test-method> <!-- checkRedirect -->
        <test-method status="PASS" signature="checkRedirect(java.lang.String, java.lang.String)[pri:0, instance:com.orangetheory.testcases.RedirectCheck@4671e53b]" name="checkRedirect" duration-ms="2193" started-at="2020-04-17T14:56:13Z" data-provider="getData" finished-at="2020-04-17T14:56:15Z">
          <params>
            <param index="0">
              <value>
                <![CDATA[https://www.orangetheoryfitness.com.au/studio/brookvale]]>
              </value>
            </param>
            <param index="1">
              <value>
                <![CDATA[https://www.orangetheory.com/en-au/locations/new-south-wales/brookvale/34-old-pittwater-rd/]]>
              </value>
            </param>
          </params>
          <reporter-output>
          </reporter-output>
        </test-method> <!-- checkRedirect -->
        <test-method status="PASS" signature="checkRedirect(java.lang.String, java.lang.String)[pri:0, instance:com.orangetheory.testcases.RedirectCheck@4671e53b]" name="checkRedirect" duration-ms="3066" started-at="2020-04-17T14:56:15Z" data-provider="getData" finished-at="2020-04-17T14:56:18Z">
          <params>
            <param index="0">
              <value>
                <![CDATA[https://www.orangetheoryfitness.com.au/studio/concord]]>
              </value>
            </param>
            <param index="1">
              <value>
                <![CDATA[https://www.orangetheory.com/en-au/locations/new-south-wales/concord/70-74-majors-bay-road/]]>
              </value>
            </param>
          </params>
          <reporter-output>
          </reporter-output>
        </test-method> <!-- checkRedirect -->
        <test-method status="PASS" signature="checkRedirect(java.lang.String, java.lang.String)[pri:0, instance:com.orangetheory.testcases.RedirectCheck@4671e53b]" name="checkRedirect" duration-ms="2196" started-at="2020-04-17T14:56:18Z" data-provider="getData" finished-at="2020-04-17T14:56:21Z">
          <params>
            <param index="0">
              <value>
                <![CDATA[https://www.orangetheoryfitness.com.au/studio/gungahlin]]>
              </value>
            </param>
            <param index="1">
              <value>
                <![CDATA[https://www.orangetheory.com/en-au/locations/act/gungahlin/10-10-gibble-street/]]>
              </value>
            </param>
          </params>
          <reporter-output>
          </reporter-output>
        </test-method> <!-- checkRedirect -->
        <test-method status="PASS" signature="checkRedirect(java.lang.String, java.lang.String)[pri:0, instance:com.orangetheory.testcases.RedirectCheck@4671e53b]" name="checkRedirect" duration-ms="2181" started-at="2020-04-17T14:56:21Z" data-provider="getData" finished-at="2020-04-17T14:56:23Z">
          <params>
            <param index="0">
              <value>
                <![CDATA[https://www.orangetheoryfitness.com.au/studio/haberfield]]>
              </value>
            </param>
            <param index="1">
              <value>
                <![CDATA[https://www.orangetheory.com/en-au/locations/new-south-wales/haberfield/104-106-ramsay-street/]]>
              </value>
            </param>
          </params>
          <reporter-output>
          </reporter-output>
        </test-method> <!-- checkRedirect -->
        <test-method status="PASS" signature="checkRedirect(java.lang.String, java.lang.String)[pri:0, instance:com.orangetheory.testcases.RedirectCheck@4671e53b]" name="checkRedirect" duration-ms="2179" started-at="2020-04-17T14:56:23Z" data-provider="getData" finished-at="2020-04-17T14:56:25Z">
          <params>
            <param index="0">
              <value>
                <![CDATA[https://www.orangetheoryfitness.com.au/studio/hawthorn]]>
              </value>
            </param>
            <param index="1">
              <value>
                <![CDATA[https://www.orangetheory.com/en-au/locations/south-australia/hawthorn/202-belair-rd/]]>
              </value>
            </param>
          </params>
          <reporter-output>
          </reporter-output>
        </test-method> <!-- checkRedirect -->
        <test-method status="PASS" signature="checkRedirect(java.lang.String, java.lang.String)[pri:0, instance:com.orangetheory.testcases.RedirectCheck@4671e53b]" name="checkRedirect" duration-ms="2196" started-at="2020-04-17T14:56:25Z" data-provider="getData" finished-at="2020-04-17T14:56:27Z">
          <params>
            <param index="0">
              <value>
                <![CDATA[https://www.orangetheoryfitness.com.au/studio/hawthorn-vic]]>
              </value>
            </param>
            <param index="1">
              <value>
                <![CDATA[https://www.orangetheory.com/en-au/locations/victoria/hawthorn/600-glenferrie-rd/]]>
              </value>
            </param>
          </params>
          <reporter-output>
          </reporter-output>
        </test-method> <!-- checkRedirect -->
        <test-method status="PASS" signature="checkRedirect(java.lang.String, java.lang.String)[pri:0, instance:com.orangetheory.testcases.RedirectCheck@4671e53b]" name="checkRedirect" duration-ms="2183" started-at="2020-04-17T14:56:27Z" data-provider="getData" finished-at="2020-04-17T14:56:29Z">
          <params>
            <param index="0">
              <value>
                <![CDATA[https://www.orangetheoryfitness.com.au/studio/melbourne-cbd]]>
              </value>
            </param>
            <param index="1">
              <value>
                <![CDATA[https://www.orangetheory.com/en-au/locations/victoria/melbourne-cbd/422-collins-street/]]>
              </value>
            </param>
          </params>
          <reporter-output>
          </reporter-output>
        </test-method> <!-- checkRedirect -->
        <test-method status="PASS" signature="checkRedirect(java.lang.String, java.lang.String)[pri:0, instance:com.orangetheory.testcases.RedirectCheck@4671e53b]" name="checkRedirect" duration-ms="2194" started-at="2020-04-17T14:56:29Z" data-provider="getData" finished-at="2020-04-17T14:56:31Z">
          <params>
            <param index="0">
              <value>
                <![CDATA[https://www.orangetheoryfitness.com.au/studio/miranda]]>
              </value>
            </param>
            <param index="1">
              <value>
                <![CDATA[https://www.orangetheory.com/en-au/locations/new-south-wales/miranda/542-572-kingsway/]]>
              </value>
            </param>
          </params>
          <reporter-output>
          </reporter-output>
        </test-method> <!-- checkRedirect -->
        <test-method status="PASS" signature="checkRedirect(java.lang.String, java.lang.String)[pri:0, instance:com.orangetheory.testcases.RedirectCheck@4671e53b]" name="checkRedirect" duration-ms="2176" started-at="2020-04-17T14:56:31Z" data-provider="getData" finished-at="2020-04-17T14:56:34Z">
          <params>
            <param index="0">
              <value>
                <![CDATA[https://www.orangetheoryfitness.com.au/studio/mosman]]>
              </value>
            </param>
            <param index="1">
              <value>
                <![CDATA[https://www.orangetheory.com/en-au/locations/new-south-wales/mosman/640-military-rd/]]>
              </value>
            </param>
          </params>
          <reporter-output>
          </reporter-output>
        </test-method> <!-- checkRedirect -->
        <test-method status="PASS" signature="checkRedirect(java.lang.String, java.lang.String)[pri:0, instance:com.orangetheory.testcases.RedirectCheck@4671e53b]" name="checkRedirect" duration-ms="2179" started-at="2020-04-17T14:56:34Z" data-provider="getData" finished-at="2020-04-17T14:56:36Z">
          <params>
            <param index="0">
              <value>
                <![CDATA[https://www.orangetheoryfitness.com.au/studio/pottspoint]]>
              </value>
            </param>
            <param index="1">
              <value>
                <![CDATA[https://www.orangetheory.com/en-au/locations/new-south-wales/pottspoint/1-earl-place/]]>
              </value>
            </param>
          </params>
          <reporter-output>
          </reporter-output>
        </test-method> <!-- checkRedirect -->
        <test-method status="PASS" signature="checkRedirect(java.lang.String, java.lang.String)[pri:0, instance:com.orangetheory.testcases.RedirectCheck@4671e53b]" name="checkRedirect" duration-ms="2202" started-at="2020-04-17T14:56:36Z" data-provider="getData" finished-at="2020-04-17T14:56:38Z">
          <params>
            <param index="0">
              <value>
                <![CDATA[https://www.orangetheoryfitness.com.au/studio/south-yarra]]>
              </value>
            </param>
            <param index="1">
              <value>
                <![CDATA[https://www.orangetheory.com/en-au/locations/victoria/south-yarra/12-garden-street/]]>
              </value>
            </param>
          </params>
          <reporter-output>
          </reporter-output>
        </test-method> <!-- checkRedirect -->
        <test-method status="PASS" signature="checkRedirect(java.lang.String, java.lang.String)[pri:0, instance:com.orangetheory.testcases.RedirectCheck@4671e53b]" name="checkRedirect" duration-ms="2181" started-at="2020-04-17T14:56:38Z" data-provider="getData" finished-at="2020-04-17T14:56:40Z">
          <params>
            <param index="0">
              <value>
                <![CDATA[https://www.orangetheoryfitness.com.au/studio/stleonards]]>
              </value>
            </param>
            <param index="1">
              <value>
                <![CDATA[https://www.orangetheory.com/en-au/locations/new-south-wales/stleonards/9-albany-street/]]>
              </value>
            </param>
          </params>
          <reporter-output>
          </reporter-output>
        </test-method> <!-- checkRedirect -->
        <test-method status="PASS" signature="checkRedirect(java.lang.String, java.lang.String)[pri:0, instance:com.orangetheory.testcases.RedirectCheck@4671e53b]" name="checkRedirect" duration-ms="2193" started-at="2020-04-17T14:56:40Z" data-provider="getData" finished-at="2020-04-17T14:56:42Z">
          <params>
            <param index="0">
              <value>
                <![CDATA[https://www.orangetheoryfitness.com.au/studio/tuggeranong]]>
              </value>
            </param>
            <param index="1">
              <value>
                <![CDATA[https://www.orangetheory.com/en-au/locations/act/tuggeranong/311-anktell-st/]]>
              </value>
            </param>
          </params>
          <reporter-output>
          </reporter-output>
        </test-method> <!-- checkRedirect -->
        <test-method status="PASS" signature="checkRedirect(java.lang.String, java.lang.String)[pri:0, instance:com.orangetheory.testcases.RedirectCheck@4671e53b]" name="checkRedirect" duration-ms="2187" started-at="2020-04-17T14:56:42Z" data-provider="getData" finished-at="2020-04-17T14:56:45Z">
          <params>
            <param index="0">
              <value>
                <![CDATA[https://www.orangetheoryfitness.com.au/studio/waterloo]]>
              </value>
            </param>
            <param index="1">
              <value>
                <![CDATA[https://www.orangetheory.com/en-au/locations/new-south-wales/waterloo/17-danks-street/]]>
              </value>
            </param>
          </params>
          <reporter-output>
          </reporter-output>
        </test-method> <!-- checkRedirect -->
        <test-method status="PASS" signature="checkRedirect(java.lang.String, java.lang.String)[pri:0, instance:com.orangetheory.testcases.RedirectCheck@4671e53b]" name="checkRedirect" duration-ms="2046" started-at="2020-04-17T14:56:45Z" data-provider="getData" finished-at="2020-04-17T14:56:47Z">
          <params>
            <param index="0">
              <value>
                <![CDATA[https://www.orangetheoryfitness.com.au/terms]]>
              </value>
            </param>
            <param index="1">
              <value>
                <![CDATA[https://www.orangetheory.com/en-au/promotion-terms/]]>
              </value>
            </param>
          </params>
          <reporter-output>
          </reporter-output>
        </test-method> <!-- checkRedirect -->
        <test-method status="PASS" signature="checkRedirect(java.lang.String, java.lang.String)[pri:0, instance:com.orangetheory.testcases.RedirectCheck@4671e53b]" name="checkRedirect" duration-ms="2053" started-at="2020-04-17T14:56:47Z" data-provider="getData" finished-at="2020-04-17T14:56:49Z">
          <params>
            <param index="0">
              <value>
                <![CDATA[https://www.orangetheoryfitness.com.au/terms-of-use]]>
              </value>
            </param>
            <param index="1">
              <value>
                <![CDATA[https://www.orangetheory.com/en-au/terms-of-use/]]>
              </value>
            </param>
          </params>
          <reporter-output>
          </reporter-output>
        </test-method> <!-- checkRedirect -->
        <test-method status="PASS" signature="checkRedirect(java.lang.String, java.lang.String)[pri:0, instance:com.orangetheory.testcases.RedirectCheck@4671e53b]" name="checkRedirect" duration-ms="2043" started-at="2020-04-17T14:56:49Z" data-provider="getData" finished-at="2020-04-17T14:56:51Z">
          <params>
            <param index="0">
              <value>
                <![CDATA[https://www.orangetheoryfitness.com.au/the-workout]]>
              </value>
            </param>
            <param index="1">
              <value>
                <![CDATA[https://www.orangetheory.com/en-au/workout/]]>
              </value>
            </param>
          </params>
          <reporter-output>
          </reporter-output>
        </test-method> <!-- checkRedirect -->
        <test-method status="PASS" signature="checkRedirect(java.lang.String, java.lang.String)[pri:0, instance:com.orangetheory.testcases.RedirectCheck@4671e53b]" name="checkRedirect" duration-ms="2046" started-at="2020-04-17T14:56:51Z" data-provider="getData" finished-at="2020-04-17T14:56:53Z">
          <params>
            <param index="0">
              <value>
                <![CDATA[https://www.orangetheoryfitness.com.au/weekfree]]>
              </value>
            </param>
            <param index="1">
              <value>
                <![CDATA[https://www.orangetheory.com/en-au/promotion-1-weekfree/]]>
              </value>
            </param>
          </params>
          <reporter-output>
          </reporter-output>
        </test-method> <!-- checkRedirect -->
        <test-method status="PASS" signature="checkRedirect(java.lang.String, java.lang.String)[pri:0, instance:com.orangetheory.testcases.RedirectCheck@4671e53b]" name="checkRedirect" duration-ms="2071" started-at="2020-04-17T14:56:53Z" data-provider="getData" finished-at="2020-04-17T14:56:55Z">
          <params>
            <param index="0">
              <value>
                <![CDATA[https://www.orangetheoryfitness.com.au/weekfree/thank-you]]>
              </value>
            </param>
            <param index="1">
              <value>
                <![CDATA[https://www.orangetheory.com/en-au/promotion-1-weekfree/]]>
              </value>
            </param>
          </params>
          <reporter-output>
          </reporter-output>
        </test-method> <!-- checkRedirect -->
        <test-method status="PASS" signature="checkRedirect(java.lang.String, java.lang.String)[pri:0, instance:com.orangetheory.testcases.RedirectCheck@4671e53b]" name="checkRedirect" duration-ms="2031" started-at="2020-04-17T14:56:55Z" data-provider="getData" finished-at="2020-04-17T14:56:57Z">
          <params>
            <param index="0">
              <value>
                <![CDATA[https://www.orangetheoryfitness.com.au/wp-content/uploads/2016/11/Assistant-Studio-Manager.pdf]]>
              </value>
            </param>
            <param index="1">
              <value>
                <![CDATA[https://www.orangetheory.com/en-au/careers/]]>
              </value>
            </param>
          </params>
          <reporter-output>
          </reporter-output>
        </test-method> <!-- checkRedirect -->
        <test-method status="PASS" signature="checkRedirect(java.lang.String, java.lang.String)[pri:0, instance:com.orangetheory.testcases.RedirectCheck@4671e53b]" name="checkRedirect" duration-ms="2259" started-at="2020-04-17T14:56:57Z" data-provider="getData" finished-at="2020-04-17T14:56:59Z">
          <params>
            <param index="0">
              <value>
                <![CDATA[https://www.orangetheoryfitness.com.au/wp-content/uploads/2019/06/OTF-JD_Fitness-Coach_Template.pdf]]>
              </value>
            </param>
            <param index="1">
              <value>
                <![CDATA[https://www.orangetheory.com/en-au/careers/]]>
              </value>
            </param>
          </params>
          <reporter-output>
          </reporter-output>
        </test-method> <!-- checkRedirect -->
        <test-method status="PASS" signature="checkRedirect(java.lang.String, java.lang.String)[pri:0, instance:com.orangetheory.testcases.RedirectCheck@4671e53b]" name="checkRedirect" duration-ms="2136" started-at="2020-04-17T14:56:59Z" data-provider="getData" finished-at="2020-04-17T14:57:01Z">
          <params>
            <param index="0">
              <value>
                <![CDATA[https://www.orangetheoryfitness.com.au/wp-content/uploads/2019/06/OTF-JD_Head-Coach_Template.pdf]]>
              </value>
            </param>
            <param index="1">
              <value>
                <![CDATA[https://www.orangetheory.com/en-au/careers/]]>
              </value>
            </param>
          </params>
          <reporter-output>
          </reporter-output>
        </test-method> <!-- checkRedirect -->
        <test-method status="PASS" signature="checkRedirect(java.lang.String, java.lang.String)[pri:0, instance:com.orangetheory.testcases.RedirectCheck@4671e53b]" name="checkRedirect" duration-ms="2031" started-at="2020-04-17T14:57:01Z" data-provider="getData" finished-at="2020-04-17T14:57:03Z">
          <params>
            <param index="0">
              <value>
                <![CDATA[https://www.orangetheoryfitness.com.au/wp-content/uploads/2019/06/OTF-JD_Sales-Associate_Template.pdf]]>
              </value>
            </param>
            <param index="1">
              <value>
                <![CDATA[https://www.orangetheory.com/en-au/careers/]]>
              </value>
            </param>
          </params>
          <reporter-output>
          </reporter-output>
        </test-method> <!-- checkRedirect -->
        <test-method status="PASS" signature="checkRedirect(java.lang.String, java.lang.String)[pri:0, instance:com.orangetheory.testcases.RedirectCheck@4671e53b]" name="checkRedirect" duration-ms="2036" started-at="2020-04-17T14:57:03Z" data-provider="getData" finished-at="2020-04-17T14:57:05Z">
          <params>
            <param index="0">
              <value>
                <![CDATA[https://www.orangetheoryfitness.com.au/wp-content/uploads/2019/06/OTF-JD_Studio-Manager_Template.pdf]]>
              </value>
            </param>
            <param index="1">
              <value>
                <![CDATA[https://www.orangetheory.com/en-au/careers/]]>
              </value>
            </param>
          </params>
          <reporter-output>
          </reporter-output>
        </test-method> <!-- checkRedirect -->
      </class> <!-- com.orangetheory.testcases.RedirectCheck -->
    </test> <!-- Default test -->
  </suite> <!-- Default suite -->
</testng-results>
