<?xml version="1.0" encoding="UTF-8"?>
<testng-results skipped="0" failed="2" ignored="0" total="9" passed="7">
  <reporter-output>
  </reporter-output>
  <suite name="Suite" duration-ms="38741" started-at="2020-04-18T13:58:20Z" finished-at="2020-04-18T13:58:59Z">
    <groups>
    </groups>
    <test name="Test" duration-ms="38741" started-at="2020-04-18T13:58:20Z" finished-at="2020-04-18T13:58:59Z">
      <class name="com.orangetheory.testcases.RedirectCheck">
        <test-method status="PASS" signature="setUp()[pri:0, instance:com.orangetheory.testcases.RedirectCheck@6295d394]" name="setUp" is-config="true" duration-ms="1343" started-at="2020-04-18T13:58:20Z" finished-at="2020-04-18T13:58:21Z">
          <reporter-output>
          </reporter-output>
        </test-method> <!-- setUp -->
        <test-method status="PASS" signature="checkRedirect(java.lang.String, java.lang.String)[pri:0, instance:com.orangetheory.testcases.RedirectCheck@6295d394]" name="checkRedirect" duration-ms="9512" started-at="2020-04-18T13:58:24Z" data-provider="getData" finished-at="2020-04-18T13:58:33Z">
          <params>
            <param index="0">
              <value>
                <![CDATA[https://www.orangetheoryfitness.com.au/lease-submission-form]]>
              </value>
            </param>
            <param index="1">
              <value>
                <![CDATA[https://www.orangetheoryfitness.com/lease-submission-form]]>
              </value>
            </param>
          </params>
          <reporter-output>
          </reporter-output>
        </test-method> <!-- checkRedirect -->
        <test-method status="PASS" signature="checkRedirect(java.lang.String, java.lang.String)[pri:0, instance:com.orangetheory.testcases.RedirectCheck@6295d394]" name="checkRedirect" duration-ms="3736" started-at="2020-04-18T13:58:33Z" data-provider="getData" finished-at="2020-04-18T13:58:37Z">
          <params>
            <param index="0">
              <value>
                <![CDATA[https://www.orangetheoryfitness.com.au/loi-approval-form]]>
              </value>
            </param>
            <param index="1">
              <value>
                <![CDATA[https://www.orangetheoryfitness.com/loi-approval-form]]>
              </value>
            </param>
          </params>
          <reporter-output>
          </reporter-output>
        </test-method> <!-- checkRedirect -->
        <test-method status="PASS" signature="checkRedirect(java.lang.String, java.lang.String)[pri:0, instance:com.orangetheory.testcases.RedirectCheck@6295d394]" name="checkRedirect" duration-ms="3419" started-at="2020-04-18T13:58:37Z" data-provider="getData" finished-at="2020-04-18T13:58:40Z">
          <params>
            <param index="0">
              <value>
                <![CDATA[https://www.orangetheoryfitness.com.au/site-review-approval-form]]>
              </value>
            </param>
            <param index="1">
              <value>
                <![CDATA[https://www.orangetheoryfitness.com/site-review-approval-form]]>
              </value>
            </param>
          </params>
          <reporter-output>
          </reporter-output>
        </test-method> <!-- checkRedirect -->
        <test-method status="FAIL" signature="checkRedirect(java.lang.String, java.lang.String)[pri:0, instance:com.orangetheory.testcases.RedirectCheck@6295d394]" name="checkRedirect" duration-ms="4550" started-at="2020-04-18T13:58:40Z" data-provider="getData" finished-at="2020-04-18T13:58:45Z">
          <params>
            <param index="0">
              <value>
                <![CDATA[http://orangetheoryfitness.com.au/]]>
              </value>
            </param>
            <param index="1">
              <value>
                <![CDATA[https://www.orangetheory.com/en-au/]]>
              </value>
            </param>
          </params>
          <exception class="java.lang.AssertionError">
            <message>
              <![CDATA[expected [https://www.orangetheory.com/en-au/] but found [https://www.orangetheoryfitness.com/]]]>
            </message>
            <full-stacktrace>
              <![CDATA[java.lang.AssertionError: expected [https://www.orangetheory.com/en-au/] but found [https://www.orangetheoryfitness.com/]
at org.testng.Assert.fail(Assert.java:96)
at org.testng.Assert.failNotEquals(Assert.java:776)
at org.testng.Assert.assertEqualsImpl(Assert.java:137)
at org.testng.Assert.assertEquals(Assert.java:118)
at org.testng.Assert.assertEquals(Assert.java:453)
at org.testng.Assert.assertEquals(Assert.java:463)
at com.orangetheory.testcases.RedirectCheck.checkRedirect(RedirectCheck.java:24)
at sun.reflect.NativeMethodAccessorImpl.invoke0(Native Method)
at sun.reflect.NativeMethodAccessorImpl.invoke(NativeMethodAccessorImpl.java:62)
at sun.reflect.DelegatingMethodAccessorImpl.invoke(DelegatingMethodAccessorImpl.java:43)
at java.lang.reflect.Method.invoke(Method.java:498)
at org.testng.internal.MethodInvocationHelper.invokeMethod(MethodInvocationHelper.java:124)
at org.testng.internal.Invoker.invokeMethod(Invoker.java:583)
at org.testng.internal.Invoker.invokeTestMethod(Invoker.java:719)
at org.testng.internal.Invoker.invokeTestMethods(Invoker.java:989)
at org.testng.internal.TestMethodWorker.invokeTestMethods(TestMethodWorker.java:125)
at org.testng.internal.TestMethodWorker.run(TestMethodWorker.java:109)
at org.testng.TestRunner.privateRun(TestRunner.java:648)
at org.testng.TestRunner.run(TestRunner.java:505)
at org.testng.SuiteRunner.runTest(SuiteRunner.java:455)
at org.testng.SuiteRunner.runSequentially(SuiteRunner.java:450)
at org.testng.SuiteRunner.privateRun(SuiteRunner.java:415)
at org.testng.SuiteRunner.run(SuiteRunner.java:364)
at org.testng.SuiteRunnerWorker.runSuite(SuiteRunnerWorker.java:52)
at org.testng.SuiteRunnerWorker.run(SuiteRunnerWorker.java:84)
at org.testng.TestNG.runSuitesSequentially(TestNG.java:1208)
at org.testng.TestNG.runSuitesLocally(TestNG.java:1137)
at org.testng.TestNG.runSuites(TestNG.java:1049)
at org.testng.TestNG.run(TestNG.java:1017)
at org.testng.remote.AbstractRemoteTestNG.run(AbstractRemoteTestNG.java:132)
at org.testng.remote.RemoteTestNG.initAndRun(RemoteTestNG.java:230)
at org.testng.remote.RemoteTestNG.main(RemoteTestNG.java:76)
]]>
            </full-stacktrace>
          </exception> <!-- java.lang.AssertionError -->
          <reporter-output>
          </reporter-output>
        </test-method> <!-- checkRedirect -->
        <test-method status="PASS" signature="checkRedirect(java.lang.String, java.lang.String)[pri:0, instance:com.orangetheory.testcases.RedirectCheck@6295d394]" name="checkRedirect" duration-ms="2419" started-at="2020-04-18T13:58:45Z" data-provider="getData" finished-at="2020-04-18T13:58:47Z">
          <params>
            <param index="0">
              <value>
                <![CDATA[https://orangetheoryfitness.com.au/locations]]>
              </value>
            </param>
            <param index="1">
              <value>
                <![CDATA[https://www.orangetheory.com/en-au/locations/]]>
              </value>
            </param>
          </params>
          <reporter-output>
          </reporter-output>
        </test-method> <!-- checkRedirect -->
        <test-method status="FAIL" signature="checkRedirect(java.lang.String, java.lang.String)[pri:0, instance:com.orangetheory.testcases.RedirectCheck@6295d394]" name="checkRedirect" duration-ms="4845" started-at="2020-04-18T13:58:47Z" data-provider="getData" finished-at="2020-04-18T13:58:52Z">
          <params>
            <param index="0">
              <value>
                <![CDATA[https://www.orangetheoryfitness.com.au/]]>
              </value>
            </param>
            <param index="1">
              <value>
                <![CDATA[https://www.orangetheory.com/en-au/]]>
              </value>
            </param>
          </params>
          <exception class="java.lang.AssertionError">
            <message>
              <![CDATA[expected [https://www.orangetheory.com/en-au/] but found [https://www.orangetheoryfitness.com/]]]>
            </message>
            <full-stacktrace>
              <![CDATA[java.lang.AssertionError: expected [https://www.orangetheory.com/en-au/] but found [https://www.orangetheoryfitness.com/]
at org.testng.Assert.fail(Assert.java:96)
at org.testng.Assert.failNotEquals(Assert.java:776)
at org.testng.Assert.assertEqualsImpl(Assert.java:137)
at org.testng.Assert.assertEquals(Assert.java:118)
at org.testng.Assert.assertEquals(Assert.java:453)
at org.testng.Assert.assertEquals(Assert.java:463)
at com.orangetheory.testcases.RedirectCheck.checkRedirect(RedirectCheck.java:24)
at sun.reflect.NativeMethodAccessorImpl.invoke0(Native Method)
at sun.reflect.NativeMethodAccessorImpl.invoke(NativeMethodAccessorImpl.java:62)
at sun.reflect.DelegatingMethodAccessorImpl.invoke(DelegatingMethodAccessorImpl.java:43)
at java.lang.reflect.Method.invoke(Method.java:498)
at org.testng.internal.MethodInvocationHelper.invokeMethod(MethodInvocationHelper.java:124)
at org.testng.internal.Invoker.invokeMethod(Invoker.java:583)
at org.testng.internal.Invoker.invokeTestMethod(Invoker.java:719)
at org.testng.internal.Invoker.invokeTestMethods(Invoker.java:989)
at org.testng.internal.TestMethodWorker.invokeTestMethods(TestMethodWorker.java:125)
at org.testng.internal.TestMethodWorker.run(TestMethodWorker.java:109)
at org.testng.TestRunner.privateRun(TestRunner.java:648)
at org.testng.TestRunner.run(TestRunner.java:505)
at org.testng.SuiteRunner.runTest(SuiteRunner.java:455)
at org.testng.SuiteRunner.runSequentially(SuiteRunner.java:450)
at org.testng.SuiteRunner.privateRun(SuiteRunner.java:415)
at org.testng.SuiteRunner.run(SuiteRunner.java:364)
at org.testng.SuiteRunnerWorker.runSuite(SuiteRunnerWorker.java:52)
at org.testng.SuiteRunnerWorker.run(SuiteRunnerWorker.java:84)
at org.testng.TestNG.runSuitesSequentially(TestNG.java:1208)
at org.testng.TestNG.runSuitesLocally(TestNG.java:1137)
at org.testng.TestNG.runSuites(TestNG.java:1049)
at org.testng.TestNG.run(TestNG.java:1017)
at org.testng.remote.AbstractRemoteTestNG.run(AbstractRemoteTestNG.java:132)
at org.testng.remote.RemoteTestNG.initAndRun(RemoteTestNG.java:230)
at org.testng.remote.RemoteTestNG.main(RemoteTestNG.java:76)
]]>
            </full-stacktrace>
          </exception> <!-- java.lang.AssertionError -->
          <reporter-output>
          </reporter-output>
        </test-method> <!-- checkRedirect -->
        <test-method status="PASS" signature="checkRedirect(java.lang.String, java.lang.String)[pri:0, instance:com.orangetheory.testcases.RedirectCheck@6295d394]" name="checkRedirect" duration-ms="2267" started-at="2020-04-18T13:58:52Z" data-provider="getData" finished-at="2020-04-18T13:58:54Z">
          <params>
            <param index="0">
              <value>
                <![CDATA[https://www.orangetheoryfitness.com.au/3free/three-for-free-thank-you]]>
              </value>
            </param>
            <param index="1">
              <value>
                <![CDATA[https://www.orangetheory.com/en-au/]]>
              </value>
            </param>
          </params>
          <reporter-output>
          </reporter-output>
        </test-method> <!-- checkRedirect -->
        <test-method status="PASS" signature="checkRedirect(java.lang.String, java.lang.String)[pri:0, instance:com.orangetheory.testcases.RedirectCheck@6295d394]" name="checkRedirect" duration-ms="2197" started-at="2020-04-18T13:58:54Z" data-provider="getData" finished-at="2020-04-18T13:58:57Z">
          <params>
            <param index="0">
              <value>
                <![CDATA[https://www.orangetheoryfitness.com.au/4-classes-75]]>
              </value>
            </param>
            <param index="1">
              <value>
                <![CDATA[https://www.orangetheory.com/en-au/]]>
              </value>
            </param>
          </params>
          <reporter-output>
          </reporter-output>
        </test-method> <!-- checkRedirect -->
        <test-method status="PASS" signature="checkRedirect(java.lang.String, java.lang.String)[pri:0, instance:com.orangetheory.testcases.RedirectCheck@6295d394]" name="checkRedirect" duration-ms="2190" started-at="2020-04-18T13:58:57Z" data-provider="getData" finished-at="2020-04-18T13:58:59Z">
          <params>
            <param index="0">
              <value>
                <![CDATA[https://www.orangetheoryfitness.com.au/about]]>
              </value>
            </param>
            <param index="1">
              <value>
                <![CDATA[https://www.orangetheory.com/en-au/]]>
              </value>
            </param>
          </params>
          <reporter-output>
          </reporter-output>
        </test-method> <!-- checkRedirect -->
        <test-method status="PASS" signature="tearDown()[pri:0, instance:com.orangetheory.testcases.RedirectCheck@6295d394]" name="tearDown" is-config="true" duration-ms="11" started-at="2020-04-18T13:58:59Z" finished-at="2020-04-18T13:58:59Z">
          <reporter-output>
          </reporter-output>
        </test-method> <!-- tearDown -->
      </class> <!-- com.orangetheory.testcases.RedirectCheck -->
    </test> <!-- Test -->
  </suite> <!-- Suite -->
</testng-results>
